2015-12-28 11:07:01.094+0000 INFO  [org.neo4j]: You are using an unsupported version of the Java runtime. Please use Oracle(R) Java(TM) Runtime Environment 7.
2015-12-28 11:07:01.205+0000 INFO  [org.neo4j]: --- INITIALIZED diagnostics START ---
2015-12-28 11:07:01.207+0000 INFO  [org.neo4j]: Neo4j Kernel properties:
    neostore.propertystore.db.strings.mapped_memory=69M
    ephemeral=false
    neostore.nodestore.db.mapped_memory=22M
    store_dir=target/neo4j-hello-db
    neostore.propertystore.db.arrays.mapped_memory=79M
    neostore.propertystore.db.mapped_memory=82M
    neostore.relationshipstore.db.mapped_memory=100M
2015-12-28 11:07:01.214+0000 INFO  [org.neo4j]: Diagnostics providers:
    org.neo4j.kernel.configuration.Config
    org.neo4j.kernel.info.DiagnosticsManager
    SYSTEM_MEMORY
    JAVA_MEMORY
    OPERATING_SYSTEM
    JAVA_VIRTUAL_MACHINE
    CLASSPATH
    LIBRARY_PATH
    SYSTEM_PROPERTIES
    NETWORK
2015-12-28 11:07:01.215+0000 INFO  [org.neo4j]: System memory information:
    Total Physical memory: 5.88 GB
    Free Physical memory: 2.72 GB
    Committed virtual memory: 194.77 MB
    Total swap space: 11.77 GB
    Free swap space: 8.07 GB
2015-12-28 11:07:01.221+0000 INFO  [org.neo4j]: JVM memory information:
    Free  memory: 76.11 MB
    Total memory: 92.00 MB
    Max   memory: 1.31 GB
    Garbage Collector: PS Scavenge: [PS Eden Space, PS Survivor Space]
    Garbage Collector: PS MarkSweep: [PS Eden Space, PS Survivor Space, PS Old Gen]
    Memory Pool: Code Cache (Non-heap memory): committed=2.44 MB, used=2.15 MB, max=240.00 MB, threshold=0.00 B
    Memory Pool: Metaspace (Non-heap memory): committed=7.00 MB, used=6.63 MB, max=-1.00 B, threshold=0.00 B
    Memory Pool: Compressed Class Space (Non-heap memory): committed=1.00 MB, used=870.59 kB, max=1.00 GB, threshold=0.00 B
    Memory Pool: PS Eden Space (Heap memory): committed=24.00 MB, used=15.89 MB, max=494.50 MB, threshold=?
    Memory Pool: PS Survivor Space (Heap memory): committed=4.00 MB, used=0.00 B, max=4.00 MB, threshold=?
    Memory Pool: PS Old Gen (Heap memory): committed=64.00 MB, used=0.00 B, max=1005.50 MB, threshold=0.00 B
2015-12-28 11:07:01.226+0000 INFO  [org.neo4j]: Operating system information:
    Operating System: Windows 7; version: 6.1; arch: amd64; cpus: 4
    Process id: 8964@TMEHTAE6420
    Byte order: LITTLE_ENDIAN
    Local timezone: Asia/Calcutta
2015-12-28 11:07:01.241+0000 INFO  [org.neo4j]: JVM information:
    VM Name: Java HotSpot(TM) 64-Bit Server VM
    VM Vendor: Oracle Corporation
    VM Version: 25.66-b17
    JIT compiler: HotSpot 64-Bit Tiered Compilers
    VM Arguments: [-Dfile.encoding=UTF-8]
2015-12-28 11:07:01.241+0000 INFO  [org.neo4j]: Java classpath:
     [classpath + loader.0] file:/C:/Users/tmehta/.m2/repository/org/neo4j/neo4j-cypher-compiler-2.0/2.0.3/neo4j-cypher-compiler-2.0-2.0.3.jar
     [bootstrap] C:\Program Files\Java\jdk1.8.0_66\jre\lib\jfr.jar
     [loader.1] file:/C:/Program%20Files/Java/jdk1.8.0_66/jre/lib/ext/sunjce_provider.jar
     [bootstrap] C:\Program Files\Java\jdk1.8.0_66\jre\lib\rt.jar
     [bootstrap] C:\Program Files\Java\jdk1.8.0_66\jre\classes
     [bootstrap] C:\Program Files\Java\jdk1.8.0_66\jre\lib\jsse.jar
     [classpath + loader.0] file:/C:/Users/tmehta/.m2/repository/org/neo4j/neo4j-udc/2.0.3/neo4j-udc-2.0.3.jar
     [bootstrap] C:\Program Files\Java\jdk1.8.0_66\jre\lib\sunrsasign.jar
     [classpath + loader.0] file:/C:/Users/tmehta/Downloads/neo4j-io-3.0.0-M02.jar
     [classpath + loader.0] file:/C:/Users/tmehta/.m2/repository/org/eclipse/jetty/websocket/websocket-server/9.3.2.v20150730/websocket-server-9.3.2.v20150730.jar
     [classpath + loader.0] file:/C:/Users/tmehta/.m2/repository/org/parboiled/parboiled-core/1.1.6/parboiled-core-1.1.6.jar
     [loader.1] file:/C:/Program%20Files/Java/jdk1.8.0_66/jre/lib/ext/sunpkcs11.jar
     [classpath + loader.0] file:/C:/Users/tmehta/workspace/neo4j-movies/target/classes/
     [classpath + loader.0] file:/C:/Users/tmehta/.m2/repository/org/neo4j/neo4j/2.0.3/neo4j-2.0.3.jar
     [classpath + loader.0] file:/C:/Users/tmehta/.m2/repository/org/eclipse/jetty/jetty-util/9.3.2.v20150730/jetty-util-9.3.2.v20150730.jar
     [bootstrap] C:\Program Files\Java\jdk1.8.0_66\jre\lib\charsets.jar
     [classpath + loader.0] file:/C:/Users/tmehta/.m2/repository/org/slf4j/slf4j-simple/1.7.12/slf4j-simple-1.7.12.jar
     [classpath + loader.0] file:/C:/Users/tmehta/.m2/repository/org/eclipse/jetty/jetty-io/9.3.2.v20150730/jetty-io-9.3.2.v20150730.jar
     [classpath + loader.0] file:/C:/Users/tmehta/.m2/repository/org/neo4j/neo4j-cypher-compiler-1.9/2.0.3/neo4j-cypher-compiler-1.9-2.0.3.jar
     [bootstrap] C:\Program Files\Java\jdk1.8.0_66\jre\lib\resources.jar
     [classpath + loader.0] file:/C:/Users/tmehta/.m2/repository/org/eclipse/jetty/jetty-xml/9.3.2.v20150730/jetty-xml-9.3.2.v20150730.jar
     [classpath + loader.0] file:/C:/Users/tmehta/.m2/repository/org/slf4j/slf4j-api/1.7.12/slf4j-api-1.7.12.jar
     [classpath + loader.0] file:/C:/Users/tmehta/.m2/repository/org/neo4j/neo4j-cypher/2.0.3/neo4j-cypher-2.0.3.jar
     [classpath + loader.0] file:/C:/Users/tmehta/.m2/repository/org/eclipse/jetty/websocket/websocket-servlet/9.3.2.v20150730/websocket-servlet-9.3.2.v20150730.jar
     [classpath + loader.0] file:/C:/Users/tmehta/Desktop/Swarna/neo4j-jdbc-2.0.1-SNAPSHOT-jar-with-dependencies.jar
     [classpath + loader.0] file:/C:/Users/tmehta/.m2/repository/org/neo4j/neo4j-lucene-index/2.0.3/neo4j-lucene-index-2.0.3.jar
     [loader.1] file:/C:/Program%20Files/Java/jdk1.8.0_66/jre/lib/ext/dnsns.jar
     [classpath + loader.0] file:/C:/Users/tmehta/.m2/repository/org/neo4j/neo4j-graph-algo/2.0.3/neo4j-graph-algo-2.0.3.jar
     [classpath + loader.0] file:/C:/Users/tmehta/.m2/repository/org/neo4j/neo4j-graph-matching/2.0.3/neo4j-graph-matching-2.0.3.jar
     [classpath + loader.0] file:/C:/Users/tmehta/.m2/repository/javax/servlet/javax.servlet-api/3.1.0/javax.servlet-api-3.1.0.jar
     [loader.1] file:/C:/Program%20Files/Java/jdk1.8.0_66/jre/lib/ext/cldrdata.jar
     [loader.1] file:/C:/Program%20Files/Java/jdk1.8.0_66/jre/lib/ext/mysql-connector-java-3.1.14-bin-g.jar
     [loader.1] file:/C:/Program%20Files/Java/jdk1.8.0_66/jre/lib/ext/sunmscapi.jar
     [loader.1] file:/C:/Program%20Files/Java/jdk1.8.0_66/jre/lib/ext/nashorn.jar
     [classpath + loader.0] file:/C:/Users/tmehta/.m2/repository/org/neo4j/neo4j-jmx/2.0.3/neo4j-jmx-2.0.3.jar
     [classpath + loader.0] file:/C:/Users/tmehta/.m2/repository/org/eclipse/jetty/jetty-servlet/9.3.2.v20150730/jetty-servlet-9.3.2.v20150730.jar
     [classpath + loader.0] file:/C:/Users/tmehta/.m2/repository/org/neo4j/neo4j-kernel/2.0.3/neo4j-kernel-2.0.3-tests.jar
     [classpath + loader.0] file:/C:/Users/tmehta/.m2/repository/com/googlecode/concurrentlinkedhashmap/concurrentlinkedhashmap-lru/1.3.1/concurrentlinkedhashmap-lru-1.3.1.jar
     [loader.1] file:/C:/Program%20Files/Java/jdk1.8.0_66/jre/lib/ext/access-bridge-64.jar
     [classpath + loader.0] file:/C:/Users/tmehta/.m2/repository/org/apache/lucene/lucene-core/3.6.2/lucene-core-3.6.2.jar
     [classpath + loader.0] file:/C:/Users/tmehta/.m2/repository/org/eclipse/jetty/jetty-security/9.3.2.v20150730/jetty-security-9.3.2.v20150730.jar
     [loader.1] file:/C:/Program%20Files/Java/jdk1.8.0_66/jre/lib/ext/jaccess.jar
     [classpath + loader.0] file:/C:/Users/tmehta/.m2/repository/org/eclipse/jetty/websocket/websocket-client/9.3.2.v20150730/websocket-client-9.3.2.v20150730.jar
     [classpath + loader.0] file:/C:/Users/tmehta/.m2/repository/org/neo4j/neo4j-cypher-commons/2.0.3/neo4j-cypher-commons-2.0.3.jar
     [classpath + loader.0] file:/C:/Users/tmehta/.m2/repository/org/neo4j/neo4j-kernel/2.0.3/neo4j-kernel-2.0.3.jar
     [classpath + loader.0] file:/C:/Users/tmehta/.m2/repository/com/sparkjava/spark-core/2.3/spark-core-2.3.jar
     [classpath + loader.0] file:/C:/Users/tmehta/.m2/repository/org/eclipse/jetty/jetty-server/9.3.2.v20150730/jetty-server-9.3.2.v20150730.jar
     [loader.1] file:/C:/Program%20Files/Java/jdk1.8.0_66/jre/lib/ext/localedata.jar
     [bootstrap] C:\Program Files\Java\jdk1.8.0_66\jre\lib\jce.jar
     [loader.1] file:/C:/Program%20Files/Java/jdk1.8.0_66/jre/lib/ext/jfxrt.jar
     [loader.1] file:/C:/Program%20Files/Java/jdk1.8.0_66/jre/lib/ext/zipfs.jar
     [classpath + loader.0] file:/C:/Users/tmehta/.m2/repository/org/apache/geronimo/specs/geronimo-jta_1.1_spec/1.1.1/geronimo-jta_1.1_spec-1.1.1.jar
     [classpath + loader.0] file:/C:/Users/tmehta/.m2/repository/org/eclipse/jetty/websocket/websocket-common/9.3.2.v20150730/websocket-common-9.3.2.v20150730.jar
     [loader.1] file:/C:/Program%20Files/Java/jdk1.8.0_66/jre/lib/ext/sunec.jar
     [classpath + loader.0] file:/C:/Users/tmehta/.m2/repository/org/eclipse/jetty/jetty-http/9.3.2.v20150730/jetty-http-9.3.2.v20150730.jar
     [classpath + loader.0] file:/C:/Users/tmehta/.m2/repository/org/eclipse/jetty/websocket/websocket-api/9.3.2.v20150730/websocket-api-9.3.2.v20150730.jar
     [classpath + loader.0] file:/C:/Users/tmehta/.m2/repository/net/sf/opencsv/opencsv/2.0/opencsv-2.0.jar
     [classpath + loader.0] file:/C:/Users/tmehta/.m2/repository/org/eclipse/jetty/jetty-webapp/9.3.2.v20150730/jetty-webapp-9.3.2.v20150730.jar
     [classpath + loader.0] file:/C:/Users/tmehta/.m2/repository/org/parboiled/parboiled-scala_2.10/1.1.6/parboiled-scala_2.10-1.1.6.jar
     [classpath + loader.0] file:/C:/Users/tmehta/.m2/repository/org/scala-lang/scala-library/2.10.3/scala-library-2.10.3.jar
2015-12-28 11:07:01.246+0000 INFO  [org.neo4j]: Library path:
    C:\Program Files\Java\jdk1.8.0_66\bin
    C:\Windows\Sun\Java\bin
    C:\Windows\System32
    C:\Windows
    C:\Program Files\Java\jre1.8.0_66\bin\server
    C:\Program Files\Java\jre1.8.0_66\bin
    C:\Program Files\Java\jre1.8.0_66\lib\amd64
    C:\Windows\System32
    C:\Windows
    C:\Windows\System32\wbem
    C:\Windows\System32\WindowsPowerShell\v1.0
    C:\ProgramData\Oracle\Java\javapath
    C:\Program Files\Java\jdk1.8.0_66\bin
    C:\Program Files\Easysoft Limited\Easysoft JDBC-Access Gateway\Libs
    C:\Program Files\Common Files\Easysoft\Shared
    C:\Program Files\Easysoft Limited\Easysoft JDBC-Access Gateway\32-Bits\Libs
    C:\Program Files (x86)\Common Files\Easysoft\Shared
    C:\Users\tmehta\Desktop\Swarna\eclipse
    C:\Users\tmehta\workspace\neo4j-movies
    C:\Users\tmehta\workspace\neo4j-movies
2015-12-28 11:07:01.253+0000 INFO  [org.neo4j]: System.properties:
    sun.boot.library.path = C:\Program Files\Java\jdk1.8.0_66\jre\bin
    path.separator = ;
    file.encoding.pkg = sun.io
    user.country = US
    user.script = 
    sun.java.launcher = SUN_STANDARD
    sun.os.patch.level = Service Pack 1
    user.dir = C:\Users\tmehta\workspace\neo4j-movies
    user.variant = 
    sun.jnu.encoding = Cp1252
    sun.management.compiler = HotSpot 64-Bit Tiered Compilers
    user.home = C:\Users\tmehta
    user.timezone = Asia/Calcutta
    file.encoding = UTF-8
    user.name = tmehta
    sun.java.command = neo4jexample.App
    sun.arch.data.model = 64
    user.language = en
    awt.toolkit = sun.awt.windows.WToolkit
    file.separator = \
    sun.io.unicode.encoding = UnicodeLittle
    sun.cpu.endian = little
    sun.desktop = windows
    sun.cpu.isalist = amd64
2015-12-28 11:07:01.254+0000 INFO  [org.neo4j]: Network information:
    Interface Software Loopback Interface 1:
        address: 127.0.0.1
        address: 0:0:0:0:0:0:0:1
    Interface WAN Miniport (SSTP):
    Interface WAN Miniport (L2TP):
    Interface WAN Miniport (PPTP):
    Interface WAN Miniport (PPPOE):
    Interface WAN Miniport (IPv6):
    Interface WAN Miniport (Network Monitor):
    Interface WAN Miniport (IP):
    Interface RAS Async Adapter:
    Interface WAN Miniport (IKEv2):
    Interface Intel(R) Centrino(R) Advanced-N 6205:
        address: 192.168.1.8
        address: fe80:0:0:0:b107:5e2d:8458:acba%wlan0
    Interface Microsoft Virtual WiFi Miniport Adapter:
        address: fe80:0:0:0:8459:441c:40ea:38fe%wlan1
    Interface Microsoft Virtual WiFi Miniport Adapter #2:
        address: fe80:0:0:0:99bf:8d44:1a0e:de8b%wlan2
    Interface Intel(R) 82579LM Gigabit Network Connection:
        address: fe80:0:0:0:882b:660b:ba63:493%eth3
    Interface WAN Miniport (Network Monitor) - Deterministic Network Enhancer Miniport:
    Interface WAN Miniport (IP) - Deterministic Network Enhancer Miniport:
    Interface Intel(R) Centrino(R) Advanced-N 6205 - Deterministic Network Enhancer Miniport:
    Interface Microsoft Virtual WiFi Miniport Adapter - Deterministic Network Enhancer Miniport:
    Interface Microsoft Virtual WiFi Miniport Adapter #2 - Deterministic Network Enhancer Miniport:
    Interface Intel(R) 82579LM Gigabit Network Connection - Deterministic Network Enhancer Miniport:
    Interface Cisco Systems VPN Adapter for 64-bit Windows:
    Interface Cisco Systems VPN Adapter for 64-bit Windows - Deterministic Network Enhancer Miniport:
    Interface Microsoft 6to4 Adapter:
    Interface null:
    Interface Microsoft ISATAP Adapter #3:
    Interface HUAWEI Mobile Connect - 3G Network Card:
    Interface HUAWEI Mobile Connect - 3G Network Card #2:
    Interface HUAWEI Mobile Connect - 3G Network Card #3:
    Interface HUAWEI Mobile Connect - 3G Network Card #4:
    Interface Teredo Tunneling Pseudo-Interface:
        address: fe80:0:0:0:e0:0:0:0%net11
    Interface Microsoft ISATAP Adapter #6:
    Interface Microsoft ISATAP Adapter #5:
    Interface Microsoft ISATAP Adapter #7:
    Interface Microsoft ISATAP Adapter #2:
        address: fe80:0:0:0:0:5efe:c0a8:108%net15
    Interface Intel(R) Centrino(R) Advanced-N 6205-Virtual WiFi Filter Driver-0000:
    Interface Intel(R) Centrino(R) Advanced-N 6205 - Deterministic Network Enhancer Miniport-QoS Packet Scheduler-0000:
    Interface Intel(R) Centrino(R) Advanced-N 6205 - Deterministic Network Enhancer Miniport-WFP LightWeight Filter-0000:
    Interface WAN Miniport (IPv6)-QoS Packet Scheduler-0000:
    Interface Microsoft Virtual WiFi Miniport Adapter #2 - Deterministic Network Enhancer Miniport-QoS Packet Scheduler-0000:
    Interface Microsoft Virtual WiFi Miniport Adapter #2 - Deterministic Network Enhancer Miniport-WFP LightWeight Filter-0000:
    Interface Intel(R) Centrino(R) Advanced-N 6205-Native WiFi Filter Driver-0000:
    Interface Microsoft Virtual WiFi Miniport Adapter - Deterministic Network Enhancer Miniport-QoS Packet Scheduler-0000:
    Interface Microsoft Virtual WiFi Miniport Adapter - Deterministic Network Enhancer Miniport-WFP LightWeight Filter-0000:
    Interface Microsoft Virtual WiFi Miniport Adapter #2-Native WiFi Filter Driver-0000:
    Interface WAN Miniport (Network Monitor) - Deterministic Network Enhancer Miniport-QoS Packet Scheduler-0000:
    Interface WAN Miniport (IP) - Deterministic Network Enhancer Miniport-QoS Packet Scheduler-0000:
    Interface Microsoft Virtual WiFi Miniport Adapter-Native WiFi Filter Driver-0000:
    Interface Intel(R) 82579LM Gigabit Network Connection - Deterministic Network Enhancer Miniport-QoS Packet Scheduler-0000:
    Interface Intel(R) 82579LM Gigabit Network Connection - Deterministic Network Enhancer Miniport-WFP LightWeight Filter-0000:
    Interface Microsoft ISATAP Adapter #4:
2015-12-28 11:07:01.415+0000 INFO  [org.neo4j]: --- INITIALIZED diagnostics END ---
2015-12-28 11:07:01.574+0000 INFO  [org.neo4j]: Creating new db @ target\neo4j-hello-db\neostore
2015-12-28 11:07:01.903+0000 INFO  [org.neo4j]: [target\neo4j-hello-db\neostore.relationshiptypestore.db.names] brickCount=0 brickSize=0b mappedMem=0b (storeSize=38b)
2015-12-28 11:07:01.906+0000 INFO  [org.neo4j]: [target\neo4j-hello-db\neostore.relationshiptypestore.db] brickCount=0 brickSize=0b mappedMem=0b (storeSize=0b)
2015-12-28 11:07:01.909+0000 INFO  [org.neo4j]: target\neo4j-hello-db\neostore.relationshiptypestore.db.names hit=0 miss=0 switches=0 ooe=0
2015-12-28 11:07:01.918+0000 INFO  [org.neo4j]: target\neo4j-hello-db\neostore.relationshiptypestore.db hit=0 miss=0 switches=0 ooe=0
2015-12-28 11:07:01.954+0000 INFO  [org.neo4j]: [target\neo4j-hello-db\neostore.labeltokenstore.db.names] brickCount=0 brickSize=0b mappedMem=0b (storeSize=38b)
2015-12-28 11:07:01.955+0000 INFO  [org.neo4j]: [target\neo4j-hello-db\neostore.labeltokenstore.db] brickCount=0 brickSize=0b mappedMem=0b (storeSize=0b)
2015-12-28 11:07:01.957+0000 INFO  [org.neo4j]: target\neo4j-hello-db\neostore.labeltokenstore.db.names hit=0 miss=0 switches=0 ooe=0
2015-12-28 11:07:01.971+0000 INFO  [org.neo4j]: target\neo4j-hello-db\neostore.labeltokenstore.db hit=0 miss=0 switches=0 ooe=0
2015-12-28 11:07:01.992+0000 INFO  [org.neo4j]: [target\neo4j-hello-db\neostore.relationshiptypestore.db.names] brickCount=0 brickSize=0b mappedMem=0b (storeSize=38b)
2015-12-28 11:07:01.994+0000 INFO  [org.neo4j]: [target\neo4j-hello-db\neostore.relationshiptypestore.db] brickCount=0 brickSize=0b mappedMem=0b (storeSize=0b)
2015-12-28 11:07:01.994+0000 INFO  [org.neo4j]: [target\neo4j-hello-db\neostore.labeltokenstore.db.names] brickCount=0 brickSize=0b mappedMem=0b (storeSize=38b)
2015-12-28 11:07:01.995+0000 INFO  [org.neo4j]: [target\neo4j-hello-db\neostore.labeltokenstore.db] brickCount=0 brickSize=0b mappedMem=0b (storeSize=0b)
2015-12-28 11:07:01.996+0000 INFO  [org.neo4j]: [target\neo4j-hello-db\neostore.propertystore.db.strings] brickCount=0 brickSize=72320b mappedMem=72351744b (storeSize=128b)
2015-12-28 11:07:01.997+0000 INFO  [org.neo4j]: [target\neo4j-hello-db\neostore.propertystore.db.index.keys] brickCount=0 brickSize=0b mappedMem=0b (storeSize=38b)
2015-12-28 11:07:01.998+0000 INFO  [org.neo4j]: [target\neo4j-hello-db\neostore.propertystore.db.index] brickCount=0 brickSize=0b mappedMem=0b (storeSize=0b)
2015-12-28 11:07:01.999+0000 INFO  [org.neo4j]: [target\neo4j-hello-db\neostore.propertystore.db.arrays] brickCount=0 brickSize=82816b mappedMem=82837504b (storeSize=128b)
2015-12-28 11:07:02.002+0000 INFO  [org.neo4j]: [target\neo4j-hello-db\neostore.propertystore.db] brickCount=0 brickSize=859811b mappedMem=85983232b (storeSize=0b)
2015-12-28 11:07:02.005+0000 INFO  [org.neo4j]: [target\neo4j-hello-db\neostore.relationshipstore.db] brickCount=0 brickSize=1048575b mappedMem=104857600b (storeSize=0b)
2015-12-28 11:07:02.006+0000 INFO  [org.neo4j]: [target\neo4j-hello-db\neostore.nodestore.db.labels] brickCount=0 brickSize=0b mappedMem=0b (storeSize=68b)
2015-12-28 11:07:02.010+0000 INFO  [org.neo4j]: [target\neo4j-hello-db\neostore.nodestore.db] brickCount=0 brickSize=230678b mappedMem=23068672b (storeSize=0b)
2015-12-28 11:07:02.011+0000 INFO  [org.neo4j]: [target\neo4j-hello-db\neostore.schemastore.db] brickCount=0 brickSize=0b mappedMem=0b (storeSize=64b)
2015-12-28 11:07:02.012+0000 INFO  [org.neo4j]: [target\neo4j-hello-db\neostore] brickCount=0 brickSize=0b mappedMem=0b (storeSize=0b)
2015-12-28 11:07:02.021+0000 INFO  [org.neo4j]: target\neo4j-hello-db\neostore.relationshiptypestore.db.names hit=0 miss=0 switches=0 ooe=0
2015-12-28 11:07:02.031+0000 INFO  [org.neo4j]: target\neo4j-hello-db\neostore.relationshiptypestore.db hit=0 miss=0 switches=0 ooe=0
2015-12-28 11:07:02.040+0000 INFO  [org.neo4j]: target\neo4j-hello-db\neostore.labeltokenstore.db.names hit=0 miss=0 switches=0 ooe=0
2015-12-28 11:07:02.049+0000 INFO  [org.neo4j]: target\neo4j-hello-db\neostore.labeltokenstore.db hit=0 miss=0 switches=0 ooe=0
2015-12-28 11:07:02.063+0000 INFO  [org.neo4j]: target\neo4j-hello-db\neostore.propertystore.db.strings hit=0 miss=0 switches=0 ooe=0
2015-12-28 11:07:02.079+0000 INFO  [org.neo4j]: target\neo4j-hello-db\neostore.propertystore.db.index.keys hit=0 miss=0 switches=0 ooe=0
2015-12-28 11:07:02.088+0000 INFO  [org.neo4j]: target\neo4j-hello-db\neostore.propertystore.db.index hit=0 miss=0 switches=0 ooe=0
2015-12-28 11:07:02.103+0000 INFO  [org.neo4j]: target\neo4j-hello-db\neostore.propertystore.db.arrays hit=0 miss=0 switches=0 ooe=0
2015-12-28 11:07:02.117+0000 INFO  [org.neo4j]: target\neo4j-hello-db\neostore.propertystore.db hit=0 miss=0 switches=0 ooe=0
2015-12-28 11:07:02.127+0000 INFO  [org.neo4j]: target\neo4j-hello-db\neostore.relationshipstore.db hit=0 miss=0 switches=0 ooe=0
2015-12-28 11:07:02.137+0000 INFO  [org.neo4j]: target\neo4j-hello-db\neostore.nodestore.db.labels hit=0 miss=0 switches=0 ooe=0
2015-12-28 11:07:02.151+0000 INFO  [org.neo4j]: target\neo4j-hello-db\neostore.nodestore.db hit=0 miss=0 switches=0 ooe=0
2015-12-28 11:07:02.166+0000 INFO  [org.neo4j]: target\neo4j-hello-db\neostore.schemastore.db hit=0 miss=0 switches=0 ooe=0
2015-12-28 11:07:02.181+0000 INFO  [org.neo4j]: target\neo4j-hello-db\neostore hit=0 miss=8 switches=0 ooe=0
2015-12-28 11:07:02.191+0000 INFO  [org.neo4j]: [target\neo4j-hello-db\neostore.relationshiptypestore.db.names] brickCount=0 brickSize=0b mappedMem=0b (storeSize=38b)
2015-12-28 11:07:02.192+0000 INFO  [org.neo4j]: [target\neo4j-hello-db\neostore.relationshiptypestore.db] brickCount=0 brickSize=0b mappedMem=0b (storeSize=0b)
2015-12-28 11:07:02.193+0000 INFO  [org.neo4j]: [target\neo4j-hello-db\neostore.labeltokenstore.db.names] brickCount=0 brickSize=0b mappedMem=0b (storeSize=38b)
2015-12-28 11:07:02.194+0000 INFO  [org.neo4j]: [target\neo4j-hello-db\neostore.labeltokenstore.db] brickCount=0 brickSize=0b mappedMem=0b (storeSize=0b)
2015-12-28 11:07:02.195+0000 INFO  [org.neo4j]: [target\neo4j-hello-db\neostore.propertystore.db.strings] brickCount=0 brickSize=72320b mappedMem=72351744b (storeSize=128b)
2015-12-28 11:07:02.196+0000 INFO  [org.neo4j]: [target\neo4j-hello-db\neostore.propertystore.db.index.keys] brickCount=0 brickSize=0b mappedMem=0b (storeSize=38b)
2015-12-28 11:07:02.197+0000 INFO  [org.neo4j]: [target\neo4j-hello-db\neostore.propertystore.db.index] brickCount=0 brickSize=0b mappedMem=0b (storeSize=0b)
2015-12-28 11:07:02.198+0000 INFO  [org.neo4j]: [target\neo4j-hello-db\neostore.propertystore.db.arrays] brickCount=0 brickSize=82816b mappedMem=82837504b (storeSize=128b)
2015-12-28 11:07:02.199+0000 INFO  [org.neo4j]: [target\neo4j-hello-db\neostore.propertystore.db] brickCount=0 brickSize=859811b mappedMem=85983232b (storeSize=0b)
2015-12-28 11:07:02.199+0000 INFO  [org.neo4j]: [target\neo4j-hello-db\neostore.relationshipstore.db] brickCount=0 brickSize=1048575b mappedMem=104857600b (storeSize=0b)
2015-12-28 11:07:02.200+0000 INFO  [org.neo4j]: [target\neo4j-hello-db\neostore.nodestore.db.labels] brickCount=0 brickSize=0b mappedMem=0b (storeSize=68b)
2015-12-28 11:07:02.201+0000 INFO  [org.neo4j]: [target\neo4j-hello-db\neostore.nodestore.db] brickCount=0 brickSize=230678b mappedMem=23068672b (storeSize=0b)
2015-12-28 11:07:02.202+0000 INFO  [org.neo4j]: [target\neo4j-hello-db\neostore.schemastore.db] brickCount=0 brickSize=0b mappedMem=0b (storeSize=64b)
2015-12-28 11:07:02.203+0000 INFO  [org.neo4j]: [target\neo4j-hello-db\neostore] brickCount=0 brickSize=0b mappedMem=0b (storeSize=63b)
2015-12-28 11:07:02.264+0000 INFO  [org.neo4j]: No lucene scan store index found, this might just be first use. Preparing to rebuild.
2015-12-28 11:07:02.283+0000 INFO  [org.neo4j]: No lucene scan store index found, this might just be first use. Preparing to rebuild.
2015-12-28 11:07:02.367+0000 INFO  [org.neo4j]: Opened logical log [target\neo4j-hello-db\nioneo_logical.log.1] version=0, lastTxId=1 (clean)
2015-12-28 11:07:02.374+0000 INFO  [org.neo4j]: Rebuilding lucene scan store, this may take a while
2015-12-28 11:07:02.376+0000 INFO  [org.neo4j]: Lucene scan store rebuilt (roughly -1 nodes)
2015-12-28 11:07:02.381+0000 INFO  [org.neo4j]: TM new log: tm_tx_log.1
2015-12-28 11:07:02.394+0000 INFO  [org.neo4j]: Kernel health set to OK
2015-12-28 11:07:02.408+0000 INFO  [org.neo4j]: Opened logical log [target\neo4j-hello-db\index\lucene.log.1] version=0, lastTxId=1 (clean)
2015-12-28 11:07:02.419+0000 INFO  [org.neo4j]: --- STARTED diagnostics for KernelDiagnostics:Versions START ---
2015-12-28 11:07:02.419+0000 INFO  [org.neo4j]: Graph Database: org.neo4j.kernel.EmbeddedGraphDatabase StoreId[time:1451300821589, id:-4245161663940860784, store version: 13843131341501958]
2015-12-28 11:07:02.419+0000 INFO  [org.neo4j]: Kernel version: Neo4j - Graph Database Kernel (neo4j-kernel), version: 2.0.3
2015-12-28 11:07:02.419+0000 INFO  [org.neo4j]: Neo4j component versions:
2015-12-28 11:07:02.425+0000 INFO  [org.neo4j]:   Neo4j - Cypher Compiler 1.9 (neo4j-cypher-compiler-1.9), version: 2.0.3; revision: 2.0.3:2.0-maint:72/307c563c11b75fdc71cfa6df05daf9b08d6c37dc
2015-12-28 11:07:02.426+0000 INFO  [org.neo4j]:   Neo4j Community (neo4j), version: 2.0.3; revision: 2.0.3:2.0-maint:72/307c563c11b75fdc71cfa6df05daf9b08d6c37dc
2015-12-28 11:07:02.426+0000 INFO  [org.neo4j]:   Neo4j - Cypher Commons (neo4j-cypher-commons), version: 2.0.3; revision: 2.0.3:2.0-maint:72/307c563c11b75fdc71cfa6df05daf9b08d6c37dc
2015-12-28 11:07:02.426+0000 INFO  [org.neo4j]:   neo4j-udc, version: 2.0.3; revision: 2.0.3:2.0-maint:72/307c563c11b75fdc71cfa6df05daf9b08d6c37dc
2015-12-28 11:07:02.426+0000 INFO  [org.neo4j]:   Neo4j - Lucene Index (neo4j-lucene-index), version: 2.0.3; revision: 2.0.3:2.0-maint:72/307c563c11b75fdc71cfa6df05daf9b08d6c37dc
2015-12-28 11:07:02.427+0000 INFO  [org.neo4j]:   Neo4j - Cypher Compiler 2.0 (neo4j-cypher-compiler-2.0), version: 2.0.3; revision: 2.0.3:2.0-maint:72/307c563c11b75fdc71cfa6df05daf9b08d6c37dc
2015-12-28 11:07:02.427+0000 INFO  [org.neo4j]:   Neo4j - Graph Database Kernel (neo4j-kernel), version: 2.0.3; revision: 2.0.3:2.0-maint:72/307c563c11b75fdc71cfa6df05daf9b08d6c37dc
2015-12-28 11:07:02.427+0000 INFO  [org.neo4j]:   Neo4j - Graph Matching (neo4j-graph-matching), version: 2.0.3; revision: 2.0.3:2.0-maint:72/307c563c11b75fdc71cfa6df05daf9b08d6c37dc
2015-12-28 11:07:02.427+0000 INFO  [org.neo4j]:   Neo4j - JMX support (neo4j-jmx), version: 2.0.3; revision: 2.0.3:2.0-maint:72/307c563c11b75fdc71cfa6df05daf9b08d6c37dc
2015-12-28 11:07:02.427+0000 INFO  [org.neo4j]:   Neo4j - Cypher (neo4j-cypher), version: 2.0.3; revision: 2.0.3:2.0-maint:72/307c563c11b75fdc71cfa6df05daf9b08d6c37dc
2015-12-28 11:07:02.428+0000 INFO  [org.neo4j]:   Neo4j - Graph Algorithms (neo4j-graph-algo), version: 2.0.3; revision: 2.0.3:2.0-maint:72/307c563c11b75fdc71cfa6df05daf9b08d6c37dc
2015-12-28 11:07:02.428+0000 INFO  [org.neo4j]: --- STARTED diagnostics for KernelDiagnostics:Versions END ---
2015-12-28 11:07:02.431+0000 INFO  [org.neo4j]: --- STARTED diagnostics for NEO_STORE_VERSIONS START ---
2015-12-28 11:07:02.432+0000 INFO  [org.neo4j]: Store versions:
    Store versions:
      NeoStore v0.A.1
      SchemaStore v0.A.1
      NodeStore v0.A.1
      RelationshipStore v0.A.1
      RelationshipTypeStore v0.A.1
      LabelTokenStore v0.A.1
      PropertyStore v0.A.1
      PropertyIndexStore v0.A.1
      StringPropertyStore v0.A.1
      ArrayPropertyStore v0.A.1
2015-12-28 11:07:02.433+0000 INFO  [org.neo4j]: --- STARTED diagnostics for NEO_STORE_VERSIONS END ---
2015-12-28 11:07:02.434+0000 INFO  [org.neo4j]: --- STARTED diagnostics for NEO_STORE_ID_USAGE START ---
2015-12-28 11:07:02.434+0000 INFO  [org.neo4j]: Id usage:
    Id usage:
      SchemaStore: used=1 high=0
      NodeStore: used=0 high=-1
      RelationshipStore: used=0 high=-1
      RelationshipTypeStore: used=0 high=-1
      LabelTokenStore: used=0 high=-1
      PropertyStore: used=0 high=-1
      PropertyIndexStore: used=0 high=-1
      StringPropertyStore: used=1 high=0
      ArrayPropertyStore: used=1 high=0
2015-12-28 11:07:02.435+0000 INFO  [org.neo4j]: --- STARTED diagnostics for NEO_STORE_ID_USAGE END ---
2015-12-28 11:07:02.435+0000 INFO  [org.neo4j]: --- STARTED diagnostics for PERSISTENCE_WINDOW_POOL_STATS START ---
2015-12-28 11:07:02.436+0000 INFO  [org.neo4j]: --- STARTED diagnostics for PERSISTENCE_WINDOW_POOL_STATS END ---
2015-12-28 11:07:02.436+0000 INFO  [org.neo4j]: --- STARTED diagnostics for KernelDiagnostics:StoreFiles START ---
2015-12-28 11:07:02.452+0000 INFO  [org.neo4j]: Disk space on partition (Total / Free / Free %): 255953203200 / 89308438528 / 34
Storage files: (filename : modification date - size)
      active_tx_log: 2015-12-28T16:37:02+0530 - 11.00 B
      index:
        lucene-store.db: 2015-12-28T16:37:02+0530 - 40.00 B
        lucene.log.1: 2015-12-28T16:37:02+0530 - 16.00 B
        lucene.log.active: 2015-12-28T16:37:02+0530 - 4.00 B
      - Total: 2015-12-28T16:37:02+0530 - 60.00 B
      lock: 2015-12-28T16:37:01+0530 - 0.00 B
      messages.log: 2015-12-28T16:37:01+0530 - 27.16 kB
      neostore: 2015-12-28T16:37:02+0530 - 63.00 B
      neostore.id: 2015-12-28T16:37:02+0530 - 9.00 B
      neostore.labeltokenstore.db: 2015-12-28T16:37:02+0530 - 0.00 B
      neostore.labeltokenstore.db.id: 2015-12-28T16:37:02+0530 - 9.00 B
      neostore.labeltokenstore.db.names: 2015-12-28T16:37:02+0530 - 38.00 B
      neostore.labeltokenstore.db.names.id: 2015-12-28T16:37:02+0530 - 9.00 B
      neostore.nodestore.db: 2015-12-28T16:37:02+0530 - 0.00 B
      neostore.nodestore.db.id: 2015-12-28T16:37:02+0530 - 9.00 B
      neostore.nodestore.db.labels: 2015-12-28T16:37:02+0530 - 68.00 B
      neostore.nodestore.db.labels.id: 2015-12-28T16:37:02+0530 - 9.00 B
      neostore.propertystore.db: 2015-12-28T16:37:02+0530 - 0.00 B
      neostore.propertystore.db.arrays: 2015-12-28T16:37:02+0530 - 128.00 B
      neostore.propertystore.db.arrays.id: 2015-12-28T16:37:02+0530 - 9.00 B
      neostore.propertystore.db.id: 2015-12-28T16:37:02+0530 - 9.00 B
      neostore.propertystore.db.index: 2015-12-28T16:37:02+0530 - 0.00 B
      neostore.propertystore.db.index.id: 2015-12-28T16:37:02+0530 - 9.00 B
      neostore.propertystore.db.index.keys: 2015-12-28T16:37:02+0530 - 38.00 B
      neostore.propertystore.db.index.keys.id: 2015-12-28T16:37:02+0530 - 9.00 B
      neostore.propertystore.db.strings: 2015-12-28T16:37:02+0530 - 128.00 B
      neostore.propertystore.db.strings.id: 2015-12-28T16:37:02+0530 - 9.00 B
      neostore.relationshipstore.db: 2015-12-28T16:37:02+0530 - 0.00 B
      neostore.relationshipstore.db.id: 2015-12-28T16:37:02+0530 - 9.00 B
      neostore.relationshiptypestore.db: 2015-12-28T16:37:02+0530 - 0.00 B
      neostore.relationshiptypestore.db.id: 2015-12-28T16:37:02+0530 - 9.00 B
      neostore.relationshiptypestore.db.names: 2015-12-28T16:37:02+0530 - 38.00 B
      neostore.relationshiptypestore.db.names.id: 2015-12-28T16:37:02+0530 - 9.00 B
      neostore.schemastore.db: 2015-12-28T16:37:02+0530 - 64.00 B
      neostore.schemastore.db.id: 2015-12-28T16:37:02+0530 - 9.00 B
      nioneo_logical.log.1: 2015-12-28T16:37:02+0530 - 16.00 B
      nioneo_logical.log.active: 2015-12-28T16:37:02+0530 - 4.00 B
      schema:
        label:
          lucene:
            write.lock: 2015-12-28T16:37:02+0530 - 0.00 B
          - Total: 2015-12-28T16:37:02+0530 - 0.00 B
        - Total: 2015-12-28T16:37:02+0530 - 0.00 B
      - Total: 2015-12-28T16:37:02+0530 - 0.00 B
      store_lock: 2015-12-28T16:37:01+0530 - 0.00 B
      tm_tx_log.1: 2015-12-28T16:37:02+0530 - 0.00 B
2015-12-28 11:07:02.478+0000 INFO  [org.neo4j]: --- STARTED diagnostics for KernelDiagnostics:StoreFiles END ---
2015-12-28 11:07:02.512+0000 INFO  [org.neo4j]: GC Monitor started. 
2015-12-28 11:07:02.513+0000 INFO  [org.neo4j]: Database is now ready
2015-12-28 11:07:02.598+0000 INFO  [org.neo4j]: Shutdown started
2015-12-28 11:07:02.599+0000 INFO  [org.neo4j]: Database is now unavailable
2015-12-28 11:07:02.600+0000 INFO  [org.neo4j]: GC Monitor stopped. 
2015-12-28 11:07:02.614+0000 INFO  [org.neo4j]: Closed log target\neo4j-hello-db\index\lucene.log
2015-12-28 11:07:02.617+0000 INFO  [org.neo4j]: TM shutting down
2015-12-28 11:07:02.678+0000 INFO  [org.neo4j]: Closed log target\neo4j-hello-db\nioneo_logical.log
2015-12-28 11:07:02.697+0000 INFO  [org.neo4j]: target\neo4j-hello-db\neostore.relationshiptypestore.db.names hit=0 miss=1 switches=0 ooe=0
2015-12-28 11:07:02.706+0000 INFO  [org.neo4j]: target\neo4j-hello-db\neostore.relationshiptypestore.db hit=0 miss=1 switches=0 ooe=0
2015-12-28 11:07:02.720+0000 INFO  [org.neo4j]: target\neo4j-hello-db\neostore.labeltokenstore.db.names hit=0 miss=0 switches=0 ooe=0
2015-12-28 11:07:02.741+0000 INFO  [org.neo4j]: target\neo4j-hello-db\neostore.labeltokenstore.db hit=0 miss=0 switches=0 ooe=0
2015-12-28 11:07:02.755+0000 INFO  [org.neo4j]: target\neo4j-hello-db\neostore.propertystore.db.strings hit=0 miss=0 switches=0 ooe=0
2015-12-28 11:07:02.765+0000 INFO  [org.neo4j]: target\neo4j-hello-db\neostore.propertystore.db.index.keys hit=0 miss=2 switches=0 ooe=0
2015-12-28 11:07:02.780+0000 INFO  [org.neo4j]: target\neo4j-hello-db\neostore.propertystore.db.index hit=0 miss=2 switches=0 ooe=0
2015-12-28 11:07:02.789+0000 INFO  [org.neo4j]: target\neo4j-hello-db\neostore.propertystore.db.arrays hit=0 miss=0 switches=0 ooe=0
2015-12-28 11:07:02.808+0000 INFO  [org.neo4j]: target\neo4j-hello-db\neostore.propertystore.db hit=4 miss=0 switches=0 ooe=0
2015-12-28 11:07:02.823+0000 INFO  [org.neo4j]: target\neo4j-hello-db\neostore.relationshipstore.db hit=1 miss=0 switches=0 ooe=0
2015-12-28 11:07:02.837+0000 INFO  [org.neo4j]: target\neo4j-hello-db\neostore.nodestore.db.labels hit=0 miss=0 switches=0 ooe=0
2015-12-28 11:07:02.846+0000 INFO  [org.neo4j]: target\neo4j-hello-db\neostore.nodestore.db hit=3 miss=0 switches=0 ooe=0
2015-12-28 11:07:02.855+0000 INFO  [org.neo4j]: target\neo4j-hello-db\neostore.schemastore.db hit=0 miss=0 switches=0 ooe=0
2015-12-28 11:07:02.864+0000 INFO  [org.neo4j]: target\neo4j-hello-db\neostore hit=0 miss=21 switches=0 ooe=0
2015-12-28 11:07:02.873+0000 INFO  [org.neo4j]: NeoStore closed
2015-12-28 11:07:02.874+0000 INFO  [org.neo4j]: --- STOPPING diagnostics START ---
2015-12-28 11:07:02.874+0000 INFO  [org.neo4j]: --- STOPPING diagnostics END ---
